{
  "RSpec": {
    "coverage": {
      "/myapp/app/mailers/user_mailer.rb": {
        "lines": [
          1,
          1,
          2,
          null,
          2,
          null,
          null,
          null,
          null,
          null,
          null,
          null,
          1,
          0,
          0,
          null,
          null
        ]
      },
      "/myapp/app/mailers/application_mailer.rb": {
        "lines": [
          1,
          1,
          1,
          null
        ]
      },
      "/myapp/spec/models/user_spec.rb": {
        "lines": [
          1,
          null,
          1,
          2,
          null
        ]
      },
      "/myapp/app/models/user.rb": {
        "lines": [
          1,
          1,
          1,
          1,
          1,
          1,
          null
        ]
      },
      "/myapp/app/models/application_record.rb": {
        "lines": [
          1,
          1,
          null
        ]
      },
      "/myapp/spec/models/user_token_spec.rb": {
        "lines": [
          1,
          null,
          1,
          2,
          null
        ]
      },
      "/myapp/app/models/user_token.rb": {
        "lines": [
          1,
          1,
          1,
          null
        ]
      },
      "/myapp/spec/requests/users_spec.rb": {
        "lines": [
          1,
          null,
          1,
          1,
          3,
          3,
          1,
          1,
          1,
          null,
          null,
          1,
          1,
          1,
          null,
          null,
          1,
          1,
          1,
          null,
          null,
          null,
          1,
          3,
          1,
          1,
          1,
          null,
          null,
          1,
          1,
          1,
          null,
          null,
          1,
          1,
          1,
          null,
          null,
          null,
          1,
          2,
          2,
          null,
          1,
          1,
          1,
          1,
          1,
          1,
          null,
          null,
          1,
          1,
          1,
          null,
          1,
          1,
          1,
          null,
          null,
          1,
          1,
          1,
          null,
          1,
          1,
          1,
          null,
          null,
          null
        ]
      },
      "/myapp/app/controllers/application_controller.rb": {
        "lines": [
          1,
          1,
          null,
          1,
          5,
          4,
          null,
          null,
          null,
          1,
          14,
          null,
          null,
          1,
          8,
          6,
          6,
          null,
          null,
          null,
          1,
          5,
          3,
          3,
          3,
          3,
          null,
          null,
          null,
          1,
          5,
          null,
          null,
          1,
          11,
          null,
          null
        ]
      },
      "/myapp/app/controllers/api/v1/users_controller.rb": {
        "lines": [
          1,
          1,
          1,
          1,
          null,
          1,
          3,
          null,
          3,
          3,
          2,
          2,
          null,
          null,
          1,
          null,
          null,
          1,
          4,
          null,
          5,
          3,
          4,
          null,
          null,
          1,
          null,
          null,
          1,
          1,
          null,
          null,
          1,
          0,
          null,
          0,
          0,
          null,
          null,
          null,
          1,
          null,
          1,
          3,
          null,
          null,
          1,
          4,
          3,
          null,
          1,
          null,
          null,
          null,
          1,
          null,
          1,
          2,
          null,
          null,
          1,
          1,
          null,
          null,
          null,
          null
        ]
      },
      "/myapp/app/use_cases/users/login.rb": {
        "lines": [
          1,
          1,
          1,
          1,
          4,
          null,
          1,
          1,
          null,
          1,
          3,
          null,
          null,
          null,
          null,
          null,
          null,
          1,
          null,
          1,
          3,
          null,
          null,
          1,
          3,
          3,
          3,
          null,
          null,
          1,
          3,
          1,
          null,
          null,
          1,
          2,
          2,
          null,
          null,
          null
        ]
      },
      "/myapp/app/use_cases/tokens/create.rb": {
        "lines": [
          1,
          1,
          1,
          1,
          3,
          null,
          null,
          null
        ]
      },
      "/myapp/app/use_cases/users/register.rb": {
        "lines": [
          null,
          1,
          1,
          1,
          1,
          1,
          3,
          3,
          null,
          1,
          2,
          2,
          null,
          null,
          null,
          null,
          null,
          null,
          null,
          1,
          null,
          1,
          2,
          2,
          2,
          2,
          1,
          null,
          null,
          1,
          1,
          0,
          0,
          null,
          null,
          1,
          1,
          1,
          1,
          1,
          null,
          0,
          null,
          null,
          null,
          1,
          1,
          1,
          null,
          null,
          1,
          1,
          1,
          null,
          null,
          null
        ]
      },
      "/myapp/app/use_cases/tokens/decode.rb": {
        "lines": [
          1,
          1,
          1,
          1,
          6,
          2,
          null,
          4,
          null,
          null,
          null
        ]
      },
      "/myapp/app/use_cases/users/find.rb": {
        "lines": [
          1,
          1,
          1,
          1,
          3,
          3,
          2,
          null,
          null,
          null
        ]
      },
      "/myapp/app/serializers/user_serializer.rb": {
        "lines": [
          1,
          1,
          null
        ]
      }
    },
    "timestamp": 1615650676
  }
}
